Arguments: 
  /Users/Oleksandr_Balobanov/.nvm/versions/node/v16.19.1/bin/node /Users/Oleksandr_Balobanov/.nvm/versions/node/v16.19.1/bin/yarn add esbuild from /

PATH: 
  /Users/Oleksandr_Balobanov/.rvm/gems/ruby-3.1.3@rails_business_logic_handling/bin:/Users/Oleksandr_Balobanov/.rvm/gems/ruby-3.1.3@global/bin:/Users/Oleksandr_Balobanov/.rvm/rubies/ruby-3.1.3/bin:/Users/Oleksandr_Balobanov/.rvm/bin:/Users/Oleksandr_Balobanov/Library/pnpm:/Users/Oleksandr_Balobanov/.nvm/versions/node/v16.19.1/bin:/usr/local/bin:/System/Cryptexes/App/usr/bin:/usr/bin:/bin:/usr/sbin:/sbin:/opt/X11/bin:/Library/Frameworks/Mono.framework/Versions/Current/Commands:/Users/Oleksandr_Balobanov/.cargo/bin:/Applications/Visual Studio Code.app/Contents/Resources/app/bin

Yarn version: 
  1.22.19

Node version: 
  16.19.1

Platform: 
  darwin x64

Trace: 
  Error: unsure how to copy this: /dev/afsc_type5
      at /Users/Oleksandr_Balobanov/.nvm/versions/node/v16.19.1/lib/node_modules/yarn/lib/cli.js:1093:17
      at Generator.throw (<anonymous>)
      at step (/Users/Oleksandr_Balobanov/.nvm/versions/node/v16.19.1/lib/node_modules/yarn/lib/cli.js:310:30)
      at /Users/Oleksandr_Balobanov/.nvm/versions/node/v16.19.1/lib/node_modules/yarn/lib/cli.js:323:13

npm manifest: 
  {
    "name": "app",
    "private": "true",
    "scripts": {
      "build": "esbuild app/javascript/*.* --bundle --sourcemap --outdir=app/assets/builds --public-path=assets"
    }
  }

yarn manifest: 
  No manifest

Lockfile: 
  No lockfile
